Using pre-set license
Built from '2021.1/release' branch; Version is '2021.1.16f1 (5fa502fca597) revision 6268162'; Using compiler version '192528614'; Build Type 'Release'
OS: 'Windows 10 Pro; OS build 19044.1645; Version 2009; 64bit' Language: 'en' Physical Memory: 32701 MB
BatchMode: 1, IsHumanControllingUs: 0, StartBugReporterOnCrash: 0, Is64bit: 1, IsPro: 0

 COMMAND LINE ARGUMENTS:
C:\Program Files\Unity\Hub\Editor\2021.1.16f1\Editor\Unity.exe
-adb2
-batchMode
-noUpm
-name
AssetImportWorker0
-projectPath
C:/Users/DJ Swiggett/Documents/GitKraken/360R-Shaders/Lambert Shader
-logFile
Logs/AssetImportWorker0.log
-srvPort
50786
Successfully changed project path to: C:/Users/DJ Swiggett/Documents/GitKraken/360R-Shaders/Lambert Shader
C:/Users/DJ Swiggett/Documents/GitKraken/360R-Shaders/Lambert Shader
Using Asset Import Pipeline V2.
Refreshing native plugins compatible for Editor in 141.77 ms, found 3 plugins.
Preloading 0 native plugins for Editor in 0.00 ms.
Initialize engine version: 2021.1.16f1 (5fa502fca597)
[Subsystems] Discovering subsystems at path C:/Program Files/Unity/Hub/Editor/2021.1.16f1/Editor/Data/Resources/UnitySubsystems
[Subsystems] Discovering subsystems at path C:/Users/DJ Swiggett/Documents/GitKraken/360R-Shaders/Lambert Shader/Assets
GfxDevice: creating device client; threaded=0; jobified=0
Direct3D:
    Version:  Direct3D 11.0 [level 11.1]
    Renderer: Radeon RX 580 Series (ID=0x67df)
    Vendor:   ATI
    VRAM:     8170 MB
    Driver:   30.0.15019.1005
Initialize mono
Mono path[0] = 'C:/Program Files/Unity/Hub/Editor/2021.1.16f1/Editor/Data/Managed'
Mono path[1] = 'C:/Program Files/Unity/Hub/Editor/2021.1.16f1/Editor/Data/MonoBleedingEdge/lib/mono/unityjit'
Mono config path = 'C:/Program Files/Unity/Hub/Editor/2021.1.16f1/Editor/Data/MonoBleedingEdge/etc'
Using monoOptions --debugger-agent=transport=dt_socket,embedding=1,server=y,suspend=n,address=127.0.0.1:56308
Begin MonoManager ReloadAssembly
Registering precompiled unity dll's ...
Register platform support module: C:/Program Files/Unity/Hub/Editor/2021.1.16f1/Editor/Data/PlaybackEngines/WindowsStandaloneSupport/UnityEditor.WindowsStandalone.Extensions.dll
Registered in 0.002135 seconds.
Native extension for WindowsStandalone target not found
Refreshing native plugins compatible for Editor in 109.22 ms, found 3 plugins.
Preloading 0 native plugins for Editor in 0.00 ms.
Mono: successfully reloaded assembly
- Completed reload, in  1.448 seconds
Domain Reload Profiling:
	ReloadAssembly (1448ms)
		BeginReloadAssembly (72ms)
			ExecutionOrderSort (0ms)
			DisableScriptedObjects (0ms)
			BackupInstance (0ms)
			ReleaseScriptingObjects (0ms)
			CreateAndSetChildDomain (1ms)
		EndReloadAssembly (524ms)
			LoadAssemblies (69ms)
			RebuildTransferFunctionScriptingTraits (0ms)
			SetupTypeCache (179ms)
			ReleaseScriptCaches (0ms)
			RebuildScriptCaches (32ms)
			SetupLoadedEditorAssemblies (262ms)
				LogAssemblyErrors (0ms)
				InitializePlatformSupportModulesInManaged (6ms)
				SetLoadedEditorAssemblies (0ms)
				RefreshPlugins (109ms)
				BeforeProcessingInitializeOnLoad (2ms)
				ProcessInitializeOnLoadAttributes (106ms)
				ProcessInitializeOnLoadMethodAttributes (39ms)
				AfterProcessingInitializeOnLoad (0ms)
				EditorAssembliesLoaded (0ms)
			ExecutionOrderSort2 (0ms)
			AwakeInstancesAfterBackupRestoration (0ms)
Platform modules already initialized, skipping
Registering precompiled user dll's ...
Registered in 0.006420 seconds.
Begin MonoManager ReloadAssembly
Symbol file LoadedFromMemory doesn't match image C:\Users\DJ Swiggett\Documents\GitKraken\360R-Shaders\Lambert Shader\Library\PackageCache\com.unity.visualscripting@1.6.1\Editor\VisualScripting.Core\Dependencies\YamlDotNet\Unity.VisualScripting.YamlDotNet.dll
Symbol file LoadedFromMemory doesn't match image C:\Users\DJ Swiggett\Documents\GitKraken\360R-Shaders\Lambert Shader\Library\PackageCache\com.unity.visualscripting@1.6.1\Editor\VisualScripting.Core\Dependencies\DotNetZip\Unity.VisualScripting.IonicZip.dll
Native extension for WindowsStandalone target not found
Refreshing native plugins compatible for Editor in 105.13 ms, found 3 plugins.
Preloading 0 native plugins for Editor in 0.00 ms.
Mono: successfully reloaded assembly
- Completed reload, in  3.094 seconds
Domain Reload Profiling:
	ReloadAssembly (3095ms)
		BeginReloadAssembly (163ms)
			ExecutionOrderSort (0ms)
			DisableScriptedObjects (5ms)
			BackupInstance (0ms)
			ReleaseScriptingObjects (0ms)
			CreateAndSetChildDomain (21ms)
		EndReloadAssembly (1211ms)
			LoadAssemblies (92ms)
			RebuildTransferFunctionScriptingTraits (0ms)
			SetupTypeCache (382ms)
			ReleaseScriptCaches (1ms)
			RebuildScriptCaches (54ms)
			SetupLoadedEditorAssemblies (582ms)
				LogAssemblyErrors (0ms)
				InitializePlatformSupportModulesInManaged (4ms)
				SetLoadedEditorAssemblies (0ms)
				RefreshPlugins (105ms)
				BeforeProcessingInitializeOnLoad (97ms)
				ProcessInitializeOnLoadAttributes (359ms)
				ProcessInitializeOnLoadMethodAttributes (7ms)
				AfterProcessingInitializeOnLoad (10ms)
				EditorAssembliesLoaded (0ms)
			ExecutionOrderSort2 (0ms)
			AwakeInstancesAfterBackupRestoration (8ms)
Platform modules already initialized, skipping
========================================================================
Worker process is ready to serve import requests
Launched and connected shader compiler UnityShaderCompiler.exe after 0.07 seconds
Refreshing native plugins compatible for Editor in 0.78 ms, found 3 plugins.
Preloading 0 native plugins for Editor in 0.00 ms.
Unloading 4281 Unused Serialized files (Serialized files now loaded: 0)
System memory in use before: 170.3 MB.
System memory in use after: 167.6 MB.

Unloading 55 unused Assets to reduce memory usage. Loaded Objects now: 4695.
Total: 4.499700 ms (FindLiveObjects: 0.277000 ms CreateObjectMapping: 0.194700 ms MarkObjects: 2.839000 ms  DeleteObjects: 1.188200 ms)

AssetImportParameters requested are different than current active one (requested -> active):
  custom:framework-win-MediaFoundation: 216162199b28c13a410421893ffa2e32 -> 
  custom:video-decoder-ogg-theora: a1e56fd34408186e4bbccfd4996cb3dc -> 
  custom:container-muxer-webm: aa71ff27fc2769a1b78a27578f13a17b -> 
  custom:container-demuxer-webm: 4f35f7cbe854078d1ac9338744f61a02 -> 
  custom:container-demuxer-ogg: 62fdf1f143b41e24485cea50d1cbac27 -> 
  custom:video-encoder-webm-vp8: eb34c28f22e8b96e1ab97ce403110664 -> 
  custom:video-decoder-webm-vp8: 9c59270c3fd7afecdb556c50c9e8de78 -> 
  custom:audio-decoder-ogg-vorbis: bf7c407c2cedff20999df2af8eb42d56 -> 
  custom:audio-encoder-webm-vorbis: bf7c407c2cedff20999df2af8eb42d56 -> 
========================================================================
Received Import Request.
  path: Assets/EnergyOutline/Energy.mat
  artifactKey: Guid(1f6dd53ce519a4d47a6387f87e9d01b8) Importer(815301076,1909f56bfc062723c751e8b465ee728b)
Start importing Assets/EnergyOutline/Energy.mat using Guid(1f6dd53ce519a4d47a6387f87e9d01b8) Importer(815301076,1909f56bfc062723c751e8b465ee728b)  -> (artifact id: 'dddb77731156f1be83bb7bec500a6212') in 0.641475 seconds 
========================================================================
Received Import Request.
  Time since last request: 2445.319346 seconds.
  path: Assets/EnergyOutline/Longbow Aiming Pack
  artifactKey: Guid(03651f69addb7224dbd8a6c9f77ebf4a) Importer(815301076,1909f56bfc062723c751e8b465ee728b)
Start importing Assets/EnergyOutline/Longbow Aiming Pack using Guid(03651f69addb7224dbd8a6c9f77ebf4a) Importer(815301076,1909f56bfc062723c751e8b465ee728b)  -> (artifact id: '9cec0a377bac7f21c3e9db750f11b401') in 0.008455 seconds 
========================================================================
Received Import Request.
  Time since last request: 0.046815 seconds.
  path: Assets/EnergyOutline/Longbow Aiming Pack/erika_archer_bow_arrow.fbx
  artifactKey: Guid(fc96d50549c96034bba77679b0523435) Importer(815301076,1909f56bfc062723c751e8b465ee728b)
Start importing Assets/EnergyOutline/Longbow Aiming Pack/erika_archer_bow_arrow.fbx using Guid(fc96d50549c96034bba77679b0523435) Importer(815301076,1909f56bfc062723c751e8b465ee728b)  -> (artifact id: 'aae44566e3841bce6c6d581944d29aa2') in 0.169607 seconds 
========================================================================
Received Import Request.
  Time since last request: 0.000222 seconds.
  path: Assets/EnergyOutline/Longbow Aiming Pack/standing idle 01.fbx
  artifactKey: Guid(4ded47e962b01584ab4e6cffe322800c) Importer(815301076,1909f56bfc062723c751e8b465ee728b)
Start importing Assets/EnergyOutline/Longbow Aiming Pack/standing idle 01.fbx using Guid(4ded47e962b01584ab4e6cffe322800c) Importer(815301076,1909f56bfc062723c751e8b465ee728b)  -> (artifact id: '6f9d6ce0c5ede00f6dd4875ec1e1f9f5') in 0.009883 seconds 
========================================================================
Received Import Request.
  Time since last request: 0.000353 seconds.
  path: Assets/EnergyOutline/Longbow Aiming Pack/standing aim walk left.fbx
  artifactKey: Guid(28d9be49508e1234585cabef57c08663) Importer(815301076,1909f56bfc062723c751e8b465ee728b)
Start importing Assets/EnergyOutline/Longbow Aiming Pack/standing aim walk left.fbx using Guid(28d9be49508e1234585cabef57c08663) Importer(815301076,1909f56bfc062723c751e8b465ee728b)  -> (artifact id: 'f4b6e85d084acca9e4d5664fc11e0654') in 0.009554 seconds 
========================================================================
Received Import Request.
  Time since last request: 0.000238 seconds.
  path: Assets/EnergyOutline/Longbow Aiming Pack/standing aim walk right.fbx
  artifactKey: Guid(a811aca6bf3972f47af4d6925d484190) Importer(815301076,1909f56bfc062723c751e8b465ee728b)
Start importing Assets/EnergyOutline/Longbow Aiming Pack/standing aim walk right.fbx using Guid(a811aca6bf3972f47af4d6925d484190) Importer(815301076,1909f56bfc062723c751e8b465ee728b)  -> (artifact id: '1f3526a173d7d81918a6706c009d301f') in 0.009739 seconds 
========================================================================
Received Import Request.
  Time since last request: 0.000299 seconds.
  path: Assets/EnergyOutline/Longbow Aiming Pack/standing aim walk back.fbx
  artifactKey: Guid(d4b8ca3707d1d4340a3f90fb04b1dd11) Importer(815301076,1909f56bfc062723c751e8b465ee728b)
Start importing Assets/EnergyOutline/Longbow Aiming Pack/standing aim walk back.fbx using Guid(d4b8ca3707d1d4340a3f90fb04b1dd11) Importer(815301076,1909f56bfc062723c751e8b465ee728b)  -> (artifact id: '6449a45330a544af0d5d68541dcc6892') in 0.010373 seconds 
========================================================================
Received Import Request.
  Time since last request: 0.000207 seconds.
  path: Assets/EnergyOutline/Longbow Aiming Pack/standing aim overdraw.fbx
  artifactKey: Guid(c899325a4fd2b2b47b62656286041e55) Importer(815301076,1909f56bfc062723c751e8b465ee728b)
Start importing Assets/EnergyOutline/Longbow Aiming Pack/standing aim overdraw.fbx using Guid(c899325a4fd2b2b47b62656286041e55) Importer(815301076,1909f56bfc062723c751e8b465ee728b)  -> (artifact id: 'e1e15f4a7c57105130a630e9921cb122') in 0.010087 seconds 
========================================================================
Received Import Request.
  Time since last request: 0.000232 seconds.
  path: Assets/EnergyOutline/Longbow Aiming Pack/standing aim recoil.fbx
  artifactKey: Guid(1896e4ee930a8e841baba13fedc7fc06) Importer(815301076,1909f56bfc062723c751e8b465ee728b)
Start importing Assets/EnergyOutline/Longbow Aiming Pack/standing aim recoil.fbx using Guid(1896e4ee930a8e841baba13fedc7fc06) Importer(815301076,1909f56bfc062723c751e8b465ee728b)  -> (artifact id: '962113e1a5194f28a9bb558257d42118') in 0.009294 seconds 
========================================================================
Received Import Request.
  Time since last request: 0.000387 seconds.
  path: Assets/EnergyOutline/Longbow Aiming Pack/standing draw arrow.fbx
  artifactKey: Guid(14629d4ea62b3774584a9ecc914a123e) Importer(815301076,1909f56bfc062723c751e8b465ee728b)
Start importing Assets/EnergyOutline/Longbow Aiming Pack/standing draw arrow.fbx using Guid(14629d4ea62b3774584a9ecc914a123e) Importer(815301076,1909f56bfc062723c751e8b465ee728b)  -> (artifact id: 'bd8029f49a1519e2212d6ffdc40559c7') in 0.010303 seconds 
========================================================================
Received Import Request.
  Time since last request: 0.000202 seconds.
  path: Assets/EnergyOutline/Longbow Aiming Pack/standing aim walk forward.fbx
  artifactKey: Guid(b063970d80cbdaf4c9b194e172ed72ec) Importer(815301076,1909f56bfc062723c751e8b465ee728b)
Start importing Assets/EnergyOutline/Longbow Aiming Pack/standing aim walk forward.fbx using Guid(b063970d80cbdaf4c9b194e172ed72ec) Importer(815301076,1909f56bfc062723c751e8b465ee728b)  -> (artifact id: '7bff91ba566f18b6231c3a9bada60544') in 0.010816 seconds 
========================================================================
Received Prepare
Registering precompiled user dll's ...
Registered in 0.008512 seconds.
Begin MonoManager ReloadAssembly
Symbol file LoadedFromMemory doesn't match image C:\Users\DJ Swiggett\Documents\GitKraken\360R-Shaders\Lambert Shader\Library\PackageCache\com.unity.visualscripting@1.6.1\Editor\VisualScripting.Core\Dependencies\YamlDotNet\Unity.VisualScripting.YamlDotNet.dll
Symbol file LoadedFromMemory doesn't match image C:\Users\DJ Swiggett\Documents\GitKraken\360R-Shaders\Lambert Shader\Library\PackageCache\com.unity.visualscripting@1.6.1\Editor\VisualScripting.Core\Dependencies\DotNetZip\Unity.VisualScripting.IonicZip.dll
Native extension for WindowsStandalone target not found
Refreshing native plugins compatible for Editor in 0.68 ms, found 3 plugins.
Preloading 0 native plugins for Editor in 0.00 ms.
Mono: successfully reloaded assembly
- Completed reload, in  1.027 seconds
Domain Reload Profiling:
	ReloadAssembly (1027ms)
		BeginReloadAssembly (127ms)
			ExecutionOrderSort (0ms)
			DisableScriptedObjects (5ms)
			BackupInstance (0ms)
			ReleaseScriptingObjects (0ms)
			CreateAndSetChildDomain (35ms)
		EndReloadAssembly (845ms)
			LoadAssemblies (83ms)
			RebuildTransferFunctionScriptingTraits (0ms)
			SetupTypeCache (302ms)
			ReleaseScriptCaches (1ms)
			RebuildScriptCaches (39ms)
			SetupLoadedEditorAssemblies (315ms)
				LogAssemblyErrors (0ms)
				InitializePlatformSupportModulesInManaged (4ms)
				SetLoadedEditorAssemblies (0ms)
				RefreshPlugins (1ms)
				BeforeProcessingInitializeOnLoad (55ms)
				ProcessInitializeOnLoadAttributes (244ms)
				ProcessInitializeOnLoadMethodAttributes (4ms)
				AfterProcessingInitializeOnLoad (7ms)
				EditorAssembliesLoaded (0ms)
			ExecutionOrderSort2 (0ms)
			AwakeInstancesAfterBackupRestoration (11ms)
Platform modules already initialized, skipping
Refreshing native plugins compatible for Editor in 1.04 ms, found 3 plugins.
Preloading 0 native plugins for Editor in 0.00 ms.
Unloading 4197 Unused Serialized files (Serialized files now loaded: 0)
System memory in use before: 186.4 MB.
System memory in use after: 183.6 MB.

Unloading 50 unused Assets to reduce memory usage. Loaded Objects now: 4780.
Total: 4.330400 ms (FindLiveObjects: 0.245100 ms CreateObjectMapping: 0.144300 ms MarkObjects: 2.956700 ms  DeleteObjects: 0.983400 ms)

AssetImportParameters requested are different than current active one (requested -> active):
  custom:framework-win-MediaFoundation: 216162199b28c13a410421893ffa2e32 -> 
  custom:video-decoder-ogg-theora: a1e56fd34408186e4bbccfd4996cb3dc -> 
  custom:container-muxer-webm: aa71ff27fc2769a1b78a27578f13a17b -> 
  custom:container-demuxer-webm: 4f35f7cbe854078d1ac9338744f61a02 -> 
  custom:container-demuxer-ogg: 62fdf1f143b41e24485cea50d1cbac27 -> 
  custom:video-encoder-webm-vp8: eb34c28f22e8b96e1ab97ce403110664 -> 
  custom:video-decoder-webm-vp8: 9c59270c3fd7afecdb556c50c9e8de78 -> 
  custom:audio-decoder-ogg-vorbis: bf7c407c2cedff20999df2af8eb42d56 -> 
  custom:audio-encoder-webm-vorbis: bf7c407c2cedff20999df2af8eb42d56 -> 
========================================================================
Received Import Request.
  Time since last request: 451.239749 seconds.
  path: Assets/EnergyOutline/Longbow Aiming Pack/erika_archer_bow_arrow.fbx
  artifactKey: Guid(fc96d50549c96034bba77679b0523435) Importer(815301076,1909f56bfc062723c751e8b465ee728b)
Start importing Assets/EnergyOutline/Longbow Aiming Pack/erika_archer_bow_arrow.fbx using Guid(fc96d50549c96034bba77679b0523435) Importer(815301076,1909f56bfc062723c751e8b465ee728b)  -> (artifact id: 'caa4c1c6ff598b783a3c16ce8f1ec563') in 0.221579 seconds 
========================================================================
Received Import Request.
  Time since last request: 6.069716 seconds.
  path: Assets/EnergyOutline/Longbow Aiming Pack/erika_archer_bow_arrow.fbx
  artifactKey: Guid(fc96d50549c96034bba77679b0523435) Importer(815301076,1909f56bfc062723c751e8b465ee728b)
Start importing Assets/EnergyOutline/Longbow Aiming Pack/erika_archer_bow_arrow.fbx using Guid(fc96d50549c96034bba77679b0523435) Importer(815301076,1909f56bfc062723c751e8b465ee728b)  -> (artifact id: 'aa412c086d4e5d68685a7127e27d524d') in 0.094249 seconds 
========================================================================
Received Import Request.
  Time since last request: 300.665411 seconds.
  path: Assets/EnergyOutline/Longbow Aiming Pack/erika_archer_bow_arrow.fbx
  artifactKey: Guid(fc96d50549c96034bba77679b0523435) Importer(815301076,1909f56bfc062723c751e8b465ee728b)
Start importing Assets/EnergyOutline/Longbow Aiming Pack/erika_archer_bow_arrow.fbx using Guid(fc96d50549c96034bba77679b0523435) Importer(815301076,1909f56bfc062723c751e8b465ee728b)  -> (artifact id: 'ff0b5cd751001d907b1a947a7833476e') in 0.133833 seconds 
========================================================================
Received Import Request.
  Time since last request: 6.336416 seconds.
  path: Assets/EnergyOutline/Longbow Aiming Pack/erika_archer_bow_arrow.fbx
  artifactKey: Guid(fc96d50549c96034bba77679b0523435) Importer(815301076,1909f56bfc062723c751e8b465ee728b)
Start importing Assets/EnergyOutline/Longbow Aiming Pack/erika_archer_bow_arrow.fbx using Guid(fc96d50549c96034bba77679b0523435) Importer(815301076,1909f56bfc062723c751e8b465ee728b)  -> (artifact id: '4352c3e0827500fa7d4c016b0acbdf1a') in 0.134435 seconds 
========================================================================
Received Import Request.
  Time since last request: 45.555937 seconds.
  path: Assets/EnergyOutline/Longbow Aiming Pack/standing draw arrow.fbx
  artifactKey: Guid(14629d4ea62b3774584a9ecc914a123e) Importer(815301076,1909f56bfc062723c751e8b465ee728b)
Start importing Assets/EnergyOutline/Longbow Aiming Pack/standing draw arrow.fbx using Guid(14629d4ea62b3774584a9ecc914a123e) Importer(815301076,1909f56bfc062723c751e8b465ee728b)  -> (artifact id: 'df4dbf35a57ac304ae2f17f5ccc195cc') in 0.005277 seconds 
========================================================================
Received Import Request.
  Time since last request: 45.092335 seconds.
  path: Assets/EnergyOutline/Longbow Aiming Pack/standing aim overdraw.fbx
  artifactKey: Guid(c899325a4fd2b2b47b62656286041e55) Importer(815301076,1909f56bfc062723c751e8b465ee728b)
Start importing Assets/EnergyOutline/Longbow Aiming Pack/standing aim overdraw.fbx using Guid(c899325a4fd2b2b47b62656286041e55) Importer(815301076,1909f56bfc062723c751e8b465ee728b)  -> (artifact id: 'a2c8cfd291a8a701089a12f7f370f964') in 0.005000 seconds 
========================================================================
Received Import Request.
  Time since last request: 282.588905 seconds.
  path: Assets/EnergyOutline/Longbow Aiming Pack/ArcherController.controller
  artifactKey: Guid(bd2190290bcf1654280d363ac437d245) Importer(815301076,1909f56bfc062723c751e8b465ee728b)
Start importing Assets/EnergyOutline/Longbow Aiming Pack/ArcherController.controller using Guid(bd2190290bcf1654280d363ac437d245) Importer(815301076,1909f56bfc062723c751e8b465ee728b)  -> (artifact id: '576c6e4925a06bde474dcae68b63b053') in 0.008041 seconds 
========================================================================
Received Prepare
Registering precompiled user dll's ...
Registered in 0.005253 seconds.
Begin MonoManager ReloadAssembly
Symbol file LoadedFromMemory doesn't match image C:\Users\DJ Swiggett\Documents\GitKraken\360R-Shaders\Lambert Shader\Library\PackageCache\com.unity.visualscripting@1.6.1\Editor\VisualScripting.Core\Dependencies\YamlDotNet\Unity.VisualScripting.YamlDotNet.dll
Symbol file LoadedFromMemory doesn't match image C:\Users\DJ Swiggett\Documents\GitKraken\360R-Shaders\Lambert Shader\Library\PackageCache\com.unity.visualscripting@1.6.1\Editor\VisualScripting.Core\Dependencies\DotNetZip\Unity.VisualScripting.IonicZip.dll
Native extension for WindowsStandalone target not found
Refreshing native plugins compatible for Editor in 0.68 ms, found 3 plugins.
Preloading 0 native plugins for Editor in 0.00 ms.
Mono: successfully reloaded assembly
- Completed reload, in  1.016 seconds
Domain Reload Profiling:
	ReloadAssembly (1016ms)
		BeginReloadAssembly (112ms)
			ExecutionOrderSort (0ms)
			DisableScriptedObjects (6ms)
			BackupInstance (0ms)
			ReleaseScriptingObjects (0ms)
			CreateAndSetChildDomain (37ms)
		EndReloadAssembly (850ms)
			LoadAssemblies (81ms)
			RebuildTransferFunctionScriptingTraits (0ms)
			SetupTypeCache (296ms)
			ReleaseScriptCaches (1ms)
			RebuildScriptCaches (37ms)
			SetupLoadedEditorAssemblies (329ms)
				LogAssemblyErrors (0ms)
				InitializePlatformSupportModulesInManaged (4ms)
				SetLoadedEditorAssemblies (0ms)
				RefreshPlugins (1ms)
				BeforeProcessingInitializeOnLoad (55ms)
				ProcessInitializeOnLoadAttributes (260ms)
				ProcessInitializeOnLoadMethodAttributes (4ms)
				AfterProcessingInitializeOnLoad (6ms)
				EditorAssembliesLoaded (0ms)
			ExecutionOrderSort2 (0ms)
			AwakeInstancesAfterBackupRestoration (12ms)
Platform modules already initialized, skipping
Refreshing native plugins compatible for Editor in 0.68 ms, found 3 plugins.
Preloading 0 native plugins for Editor in 0.00 ms.
Unloading 4197 Unused Serialized files (Serialized files now loaded: 0)
System memory in use before: 186.7 MB.
System memory in use after: 183.9 MB.

Unloading 50 unused Assets to reduce memory usage. Loaded Objects now: 4819.
Total: 4.048800 ms (FindLiveObjects: 0.269800 ms CreateObjectMapping: 0.161800 ms MarkObjects: 2.588300 ms  DeleteObjects: 1.027700 ms)

AssetImportParameters requested are different than current active one (requested -> active):
  custom:framework-win-MediaFoundation: 216162199b28c13a410421893ffa2e32 -> 
  custom:video-decoder-ogg-theora: a1e56fd34408186e4bbccfd4996cb3dc -> 
  custom:container-muxer-webm: aa71ff27fc2769a1b78a27578f13a17b -> 
  custom:container-demuxer-webm: 4f35f7cbe854078d1ac9338744f61a02 -> 
  custom:container-demuxer-ogg: 62fdf1f143b41e24485cea50d1cbac27 -> 
  custom:video-encoder-webm-vp8: eb34c28f22e8b96e1ab97ce403110664 -> 
  custom:video-decoder-webm-vp8: 9c59270c3fd7afecdb556c50c9e8de78 -> 
  custom:audio-decoder-ogg-vorbis: bf7c407c2cedff20999df2af8eb42d56 -> 
  custom:audio-encoder-webm-vorbis: bf7c407c2cedff20999df2af8eb42d56 -> 
========================================================================
Received Import Request.
  Time since last request: 114.565632 seconds.
  path: Assets/EnergyOutline/Longbow Aiming Pack/standing aim recoil.fbx
  artifactKey: Guid(1896e4ee930a8e841baba13fedc7fc06) Importer(815301076,1909f56bfc062723c751e8b465ee728b)
Start importing Assets/EnergyOutline/Longbow Aiming Pack/standing aim recoil.fbx using Guid(1896e4ee930a8e841baba13fedc7fc06) Importer(815301076,1909f56bfc062723c751e8b465ee728b)  -> (artifact id: '92fc5f1f835f15891394ab97c9c32b50') in 0.024349 seconds 
========================================================================
Received Prepare
Registering precompiled user dll's ...
Registered in 0.004807 seconds.
Begin MonoManager ReloadAssembly
Symbol file LoadedFromMemory doesn't match image C:\Users\DJ Swiggett\Documents\GitKraken\360R-Shaders\Lambert Shader\Library\PackageCache\com.unity.visualscripting@1.6.1\Editor\VisualScripting.Core\Dependencies\YamlDotNet\Unity.VisualScripting.YamlDotNet.dll
Symbol file LoadedFromMemory doesn't match image C:\Users\DJ Swiggett\Documents\GitKraken\360R-Shaders\Lambert Shader\Library\PackageCache\com.unity.visualscripting@1.6.1\Editor\VisualScripting.Core\Dependencies\DotNetZip\Unity.VisualScripting.IonicZip.dll
Native extension for WindowsStandalone target not found
Refreshing native plugins compatible for Editor in 0.67 ms, found 3 plugins.
Preloading 0 native plugins for Editor in 0.00 ms.
Mono: successfully reloaded assembly
- Completed reload, in  0.985 seconds
Domain Reload Profiling:
	ReloadAssembly (985ms)
		BeginReloadAssembly (115ms)
			ExecutionOrderSort (0ms)
			DisableScriptedObjects (4ms)
			BackupInstance (0ms)
			ReleaseScriptingObjects (0ms)
			CreateAndSetChildDomain (34ms)
		EndReloadAssembly (821ms)
			LoadAssemblies (83ms)
			RebuildTransferFunctionScriptingTraits (0ms)
			SetupTypeCache (291ms)
			ReleaseScriptCaches (1ms)
			RebuildScriptCaches (35ms)
			SetupLoadedEditorAssemblies (309ms)
				LogAssemblyErrors (0ms)
				InitializePlatformSupportModulesInManaged (4ms)
				SetLoadedEditorAssemblies (0ms)
				RefreshPlugins (1ms)
				BeforeProcessingInitializeOnLoad (54ms)
				ProcessInitializeOnLoadAttributes (240ms)
				ProcessInitializeOnLoadMethodAttributes (4ms)
				AfterProcessingInitializeOnLoad (7ms)
				EditorAssembliesLoaded (0ms)
			ExecutionOrderSort2 (0ms)
			AwakeInstancesAfterBackupRestoration (12ms)
Platform modules already initialized, skipping
Refreshing native plugins compatible for Editor in 0.69 ms, found 3 plugins.
Preloading 0 native plugins for Editor in 0.00 ms.
Unloading 4197 Unused Serialized files (Serialized files now loaded: 0)
System memory in use before: 186.7 MB.
System memory in use after: 183.9 MB.

Unloading 50 unused Assets to reduce memory usage. Loaded Objects now: 4822.
Total: 4.294600 ms (FindLiveObjects: 0.271600 ms CreateObjectMapping: 0.172300 ms MarkObjects: 2.776100 ms  DeleteObjects: 1.073800 ms)

AssetImportParameters requested are different than current active one (requested -> active):
  custom:framework-win-MediaFoundation: 216162199b28c13a410421893ffa2e32 -> 
  custom:video-decoder-ogg-theora: a1e56fd34408186e4bbccfd4996cb3dc -> 
  custom:container-muxer-webm: aa71ff27fc2769a1b78a27578f13a17b -> 
  custom:container-demuxer-webm: 4f35f7cbe854078d1ac9338744f61a02 -> 
  custom:container-demuxer-ogg: 62fdf1f143b41e24485cea50d1cbac27 -> 
  custom:video-encoder-webm-vp8: eb34c28f22e8b96e1ab97ce403110664 -> 
  custom:video-decoder-webm-vp8: 9c59270c3fd7afecdb556c50c9e8de78 -> 
  custom:audio-decoder-ogg-vorbis: bf7c407c2cedff20999df2af8eb42d56 -> 
  custom:audio-encoder-webm-vorbis: bf7c407c2cedff20999df2af8eb42d56 -> 
========================================================================
Received Prepare
Registering precompiled user dll's ...
Registered in 0.004743 seconds.
Begin MonoManager ReloadAssembly
Symbol file LoadedFromMemory doesn't match image C:\Users\DJ Swiggett\Documents\GitKraken\360R-Shaders\Lambert Shader\Library\PackageCache\com.unity.visualscripting@1.6.1\Editor\VisualScripting.Core\Dependencies\YamlDotNet\Unity.VisualScripting.YamlDotNet.dll
Symbol file LoadedFromMemory doesn't match image C:\Users\DJ Swiggett\Documents\GitKraken\360R-Shaders\Lambert Shader\Library\PackageCache\com.unity.visualscripting@1.6.1\Editor\VisualScripting.Core\Dependencies\DotNetZip\Unity.VisualScripting.IonicZip.dll
Native extension for WindowsStandalone target not found
Refreshing native plugins compatible for Editor in 1.09 ms, found 3 plugins.
Preloading 0 native plugins for Editor in 0.00 ms.
Mono: successfully reloaded assembly
- Completed reload, in  1.388 seconds
Domain Reload Profiling:
	ReloadAssembly (1388ms)
		BeginReloadAssembly (116ms)
			ExecutionOrderSort (0ms)
			DisableScriptedObjects (5ms)
			BackupInstance (0ms)
			ReleaseScriptingObjects (0ms)
			CreateAndSetChildDomain (32ms)
		EndReloadAssembly (1208ms)
			LoadAssemblies (97ms)
			RebuildTransferFunctionScriptingTraits (0ms)
			SetupTypeCache (420ms)
			ReleaseScriptCaches (3ms)
			RebuildScriptCaches (53ms)
			SetupLoadedEditorAssemblies (464ms)
				LogAssemblyErrors (0ms)
				InitializePlatformSupportModulesInManaged (6ms)
				SetLoadedEditorAssemblies (1ms)
				RefreshPlugins (1ms)
				BeforeProcessingInitializeOnLoad (79ms)
				ProcessInitializeOnLoadAttributes (360ms)
				ProcessInitializeOnLoadMethodAttributes (6ms)
				AfterProcessingInitializeOnLoad (10ms)
				EditorAssembliesLoaded (0ms)
			ExecutionOrderSort2 (0ms)
			AwakeInstancesAfterBackupRestoration (18ms)
Platform modules already initialized, skipping
Refreshing native plugins compatible for Editor in 0.91 ms, found 3 plugins.
Preloading 0 native plugins for Editor in 0.00 ms.
Unloading 4197 Unused Serialized files (Serialized files now loaded: 0)
System memory in use before: 186.7 MB.
System memory in use after: 183.9 MB.

Unloading 50 unused Assets to reduce memory usage. Loaded Objects now: 4825.
Total: 6.013400 ms (FindLiveObjects: 0.461100 ms CreateObjectMapping: 0.315800 ms MarkObjects: 3.820800 ms  DeleteObjects: 1.414600 ms)

AssetImportParameters requested are different than current active one (requested -> active):
  custom:framework-win-MediaFoundation: 216162199b28c13a410421893ffa2e32 -> 
  custom:video-decoder-ogg-theora: a1e56fd34408186e4bbccfd4996cb3dc -> 
  custom:container-muxer-webm: aa71ff27fc2769a1b78a27578f13a17b -> 
  custom:container-demuxer-webm: 4f35f7cbe854078d1ac9338744f61a02 -> 
  custom:container-demuxer-ogg: 62fdf1f143b41e24485cea50d1cbac27 -> 
  custom:video-encoder-webm-vp8: eb34c28f22e8b96e1ab97ce403110664 -> 
  custom:video-decoder-webm-vp8: 9c59270c3fd7afecdb556c50c9e8de78 -> 
  custom:audio-decoder-ogg-vorbis: bf7c407c2cedff20999df2af8eb42d56 -> 
  custom:audio-encoder-webm-vorbis: bf7c407c2cedff20999df2af8eb42d56 -> 
========================================================================
Received Import Request.
  Time since last request: 645.459007 seconds.
  path: Assets/EnergyOutline/Longbow Aiming Pack/standing aim overdraw.fbx
  artifactKey: Guid(c899325a4fd2b2b47b62656286041e55) Importer(815301076,1909f56bfc062723c751e8b465ee728b)
Start importing Assets/EnergyOutline/Longbow Aiming Pack/standing aim overdraw.fbx using Guid(c899325a4fd2b2b47b62656286041e55) Importer(815301076,1909f56bfc062723c751e8b465ee728b)  -> (artifact id: 'b04be72cf10aa1344e5026d42f3ed8b1') in 0.027292 seconds 
========================================================================
Received Import Request.
  Time since last request: 17.312810 seconds.
  path: Assets/EnergyOutline/Longbow Aiming Pack/standing aim recoil.fbx
  artifactKey: Guid(1896e4ee930a8e841baba13fedc7fc06) Importer(815301076,1909f56bfc062723c751e8b465ee728b)
Start importing Assets/EnergyOutline/Longbow Aiming Pack/standing aim recoil.fbx using Guid(1896e4ee930a8e841baba13fedc7fc06) Importer(815301076,1909f56bfc062723c751e8b465ee728b)  -> (artifact id: '754a6c3671175a6d90e25f74988c4a87') in 0.004814 seconds 
========================================================================
Received Import Request.
  Time since last request: 3.615700 seconds.
  path: Assets/EnergyOutline/Longbow Aiming Pack/standing aim overdraw.fbx
  artifactKey: Guid(c899325a4fd2b2b47b62656286041e55) Importer(815301076,1909f56bfc062723c751e8b465ee728b)
Start importing Assets/EnergyOutline/Longbow Aiming Pack/standing aim overdraw.fbx using Guid(c899325a4fd2b2b47b62656286041e55) Importer(815301076,1909f56bfc062723c751e8b465ee728b)  -> (artifact id: 'f3384403ef955ffb19b4820ca8dec5f0') in 0.006005 seconds 
========================================================================
Received Prepare
Registering precompiled user dll's ...
Registered in 0.004927 seconds.
Begin MonoManager ReloadAssembly
Symbol file LoadedFromMemory doesn't match image C:\Users\DJ Swiggett\Documents\GitKraken\360R-Shaders\Lambert Shader\Library\PackageCache\com.unity.visualscripting@1.6.1\Editor\VisualScripting.Core\Dependencies\YamlDotNet\Unity.VisualScripting.YamlDotNet.dll
Symbol file LoadedFromMemory doesn't match image C:\Users\DJ Swiggett\Documents\GitKraken\360R-Shaders\Lambert Shader\Library\PackageCache\com.unity.visualscripting@1.6.1\Editor\VisualScripting.Core\Dependencies\DotNetZip\Unity.VisualScripting.IonicZip.dll
Native extension for WindowsStandalone target not found
Refreshing native plugins compatible for Editor in 0.69 ms, found 3 plugins.
Preloading 0 native plugins for Editor in 0.00 ms.
Mono: successfully reloaded assembly
- Completed reload, in  1.004 seconds
Domain Reload Profiling:
	ReloadAssembly (1004ms)
		BeginReloadAssembly (105ms)
			ExecutionOrderSort (0ms)
			DisableScriptedObjects (4ms)
			BackupInstance (0ms)
			ReleaseScriptingObjects (0ms)
			CreateAndSetChildDomain (30ms)
		EndReloadAssembly (849ms)
			LoadAssemblies (78ms)
			RebuildTransferFunctionScriptingTraits (0ms)
			SetupTypeCache (298ms)
			ReleaseScriptCaches (1ms)
			RebuildScriptCaches (34ms)
			SetupLoadedEditorAssemblies (326ms)
				LogAssemblyErrors (0ms)
				InitializePlatformSupportModulesInManaged (4ms)
				SetLoadedEditorAssemblies (0ms)
				RefreshPlugins (1ms)
				BeforeProcessingInitializeOnLoad (56ms)
				ProcessInitializeOnLoadAttributes (254ms)
				ProcessInitializeOnLoadMethodAttributes (4ms)
				AfterProcessingInitializeOnLoad (8ms)
				EditorAssembliesLoaded (0ms)
			ExecutionOrderSort2 (0ms)
			AwakeInstancesAfterBackupRestoration (12ms)
Platform modules already initialized, skipping
Refreshing native plugins compatible for Editor in 0.69 ms, found 3 plugins.
Preloading 0 native plugins for Editor in 0.00 ms.
Unloading 4197 Unused Serialized files (Serialized files now loaded: 0)
System memory in use before: 186.6 MB.
System memory in use after: 183.9 MB.

Unloading 50 unused Assets to reduce memory usage. Loaded Objects now: 4828.
Total: 4.097200 ms (FindLiveObjects: 0.265500 ms CreateObjectMapping: 0.165700 ms MarkObjects: 2.606200 ms  DeleteObjects: 1.059300 ms)

AssetImportParameters requested are different than current active one (requested -> active):
  custom:framework-win-MediaFoundation: 216162199b28c13a410421893ffa2e32 -> 
  custom:video-decoder-ogg-theora: a1e56fd34408186e4bbccfd4996cb3dc -> 
  custom:container-muxer-webm: aa71ff27fc2769a1b78a27578f13a17b -> 
  custom:container-demuxer-webm: 4f35f7cbe854078d1ac9338744f61a02 -> 
  custom:container-demuxer-ogg: 62fdf1f143b41e24485cea50d1cbac27 -> 
  custom:video-encoder-webm-vp8: eb34c28f22e8b96e1ab97ce403110664 -> 
  custom:video-decoder-webm-vp8: 9c59270c3fd7afecdb556c50c9e8de78 -> 
  custom:audio-decoder-ogg-vorbis: bf7c407c2cedff20999df2af8eb42d56 -> 
  custom:audio-encoder-webm-vorbis: bf7c407c2cedff20999df2af8eb42d56 -> 
========================================================================
Received Import Request.
  Time since last request: 17.551378 seconds.
  path: Assets/EnergyOutline/Longbow Aiming Pack/standing aim overdraw.fbx
  artifactKey: Guid(c899325a4fd2b2b47b62656286041e55) Importer(815301076,1909f56bfc062723c751e8b465ee728b)
Start importing Assets/EnergyOutline/Longbow Aiming Pack/standing aim overdraw.fbx using Guid(c899325a4fd2b2b47b62656286041e55) Importer(815301076,1909f56bfc062723c751e8b465ee728b)  -> (artifact id: 'c655b8f58bf58eb57bfc681ec95c0235') in 0.021186 seconds 
========================================================================
Received Import Request.
  Time since last request: 19.088967 seconds.
  path: Assets/EnergyOutline/Longbow Aiming Pack/standing aim recoil.fbx
  artifactKey: Guid(1896e4ee930a8e841baba13fedc7fc06) Importer(815301076,1909f56bfc062723c751e8b465ee728b)
Start importing Assets/EnergyOutline/Longbow Aiming Pack/standing aim recoil.fbx using Guid(1896e4ee930a8e841baba13fedc7fc06) Importer(815301076,1909f56bfc062723c751e8b465ee728b)  -> (artifact id: '7273e1ecdc5d3b01c2f18b2ebb11ffe5') in 0.005011 seconds 
========================================================================
Received Prepare
Registering precompiled user dll's ...
Registered in 0.004969 seconds.
Begin MonoManager ReloadAssembly
Symbol file LoadedFromMemory doesn't match image C:\Users\DJ Swiggett\Documents\GitKraken\360R-Shaders\Lambert Shader\Library\PackageCache\com.unity.visualscripting@1.6.1\Editor\VisualScripting.Core\Dependencies\YamlDotNet\Unity.VisualScripting.YamlDotNet.dll
Symbol file LoadedFromMemory doesn't match image C:\Users\DJ Swiggett\Documents\GitKraken\360R-Shaders\Lambert Shader\Library\PackageCache\com.unity.visualscripting@1.6.1\Editor\VisualScripting.Core\Dependencies\DotNetZip\Unity.VisualScripting.IonicZip.dll
Native extension for WindowsStandalone target not found
Refreshing native plugins compatible for Editor in 0.77 ms, found 3 plugins.
Preloading 0 native plugins for Editor in 0.00 ms.
Mono: successfully reloaded assembly
- Completed reload, in  1.008 seconds
Domain Reload Profiling:
	ReloadAssembly (1008ms)
		BeginReloadAssembly (115ms)
			ExecutionOrderSort (0ms)
			DisableScriptedObjects (5ms)
			BackupInstance (0ms)
			ReleaseScriptingObjects (0ms)
			CreateAndSetChildDomain (35ms)
		EndReloadAssembly (844ms)
			LoadAssemblies (79ms)
			RebuildTransferFunctionScriptingTraits (0ms)
			SetupTypeCache (289ms)
			ReleaseScriptCaches (1ms)
			RebuildScriptCaches (35ms)
			SetupLoadedEditorAssemblies (326ms)
				LogAssemblyErrors (0ms)
				InitializePlatformSupportModulesInManaged (4ms)
				SetLoadedEditorAssemblies (0ms)
				RefreshPlugins (1ms)
				BeforeProcessingInitializeOnLoad (56ms)
				ProcessInitializeOnLoadAttributes (255ms)
				ProcessInitializeOnLoadMethodAttributes (4ms)
				AfterProcessingInitializeOnLoad (6ms)
				EditorAssembliesLoaded (0ms)
			ExecutionOrderSort2 (0ms)
			AwakeInstancesAfterBackupRestoration (11ms)
Platform modules already initialized, skipping
Refreshing native plugins compatible for Editor in 0.68 ms, found 3 plugins.
Preloading 0 native plugins for Editor in 0.00 ms.
Unloading 4197 Unused Serialized files (Serialized files now loaded: 0)
System memory in use before: 186.6 MB.
System memory in use after: 184.0 MB.

Unloading 50 unused Assets to reduce memory usage. Loaded Objects now: 4831.
Total: 4.226700 ms (FindLiveObjects: 0.266600 ms CreateObjectMapping: 0.168600 ms MarkObjects: 2.743500 ms  DeleteObjects: 1.047400 ms)

AssetImportParameters requested are different than current active one (requested -> active):
  custom:framework-win-MediaFoundation: 216162199b28c13a410421893ffa2e32 -> 
  custom:video-decoder-ogg-theora: a1e56fd34408186e4bbccfd4996cb3dc -> 
  custom:container-muxer-webm: aa71ff27fc2769a1b78a27578f13a17b -> 
  custom:container-demuxer-webm: 4f35f7cbe854078d1ac9338744f61a02 -> 
  custom:container-demuxer-ogg: 62fdf1f143b41e24485cea50d1cbac27 -> 
  custom:video-encoder-webm-vp8: eb34c28f22e8b96e1ab97ce403110664 -> 
  custom:video-decoder-webm-vp8: 9c59270c3fd7afecdb556c50c9e8de78 -> 
  custom:audio-decoder-ogg-vorbis: bf7c407c2cedff20999df2af8eb42d56 -> 
  custom:audio-encoder-webm-vorbis: bf7c407c2cedff20999df2af8eb42d56 -> 
========================================================================
Received Import Request.
  Time since last request: 30.384900 seconds.
  path: Assets/EnergyOutline/Longbow Aiming Pack/standing aim overdraw.fbx
  artifactKey: Guid(c899325a4fd2b2b47b62656286041e55) Importer(815301076,1909f56bfc062723c751e8b465ee728b)
Start importing Assets/EnergyOutline/Longbow Aiming Pack/standing aim overdraw.fbx using Guid(c899325a4fd2b2b47b62656286041e55) Importer(815301076,1909f56bfc062723c751e8b465ee728b)  -> (artifact id: '878e3a22e8326dda9b1ce7ed82a74e24') in 0.019666 seconds 
========================================================================
Received Import Request.
  Time since last request: 9.365930 seconds.
  path: Assets/EnergyOutline/Longbow Aiming Pack/standing aim recoil.fbx
  artifactKey: Guid(1896e4ee930a8e841baba13fedc7fc06) Importer(815301076,1909f56bfc062723c751e8b465ee728b)
Start importing Assets/EnergyOutline/Longbow Aiming Pack/standing aim recoil.fbx using Guid(1896e4ee930a8e841baba13fedc7fc06) Importer(815301076,1909f56bfc062723c751e8b465ee728b)  -> (artifact id: '6316f621b535d40aff79c29c67c73055') in 0.005486 seconds 
========================================================================
Received Prepare
Registering precompiled user dll's ...
Registered in 0.004913 seconds.
Begin MonoManager ReloadAssembly
Symbol file LoadedFromMemory doesn't match image C:\Users\DJ Swiggett\Documents\GitKraken\360R-Shaders\Lambert Shader\Library\PackageCache\com.unity.visualscripting@1.6.1\Editor\VisualScripting.Core\Dependencies\YamlDotNet\Unity.VisualScripting.YamlDotNet.dll
Symbol file LoadedFromMemory doesn't match image C:\Users\DJ Swiggett\Documents\GitKraken\360R-Shaders\Lambert Shader\Library\PackageCache\com.unity.visualscripting@1.6.1\Editor\VisualScripting.Core\Dependencies\DotNetZip\Unity.VisualScripting.IonicZip.dll
Native extension for WindowsStandalone target not found
Refreshing native plugins compatible for Editor in 0.76 ms, found 3 plugins.
Preloading 0 native plugins for Editor in 0.00 ms.
Mono: successfully reloaded assembly
- Completed reload, in  1.013 seconds
Domain Reload Profiling:
	ReloadAssembly (1014ms)
		BeginReloadAssembly (111ms)
			ExecutionOrderSort (0ms)
			DisableScriptedObjects (4ms)
			BackupInstance (0ms)
			ReleaseScriptingObjects (0ms)
			CreateAndSetChildDomain (30ms)
		EndReloadAssembly (853ms)
			LoadAssemblies (82ms)
			RebuildTransferFunctionScriptingTraits (0ms)
			SetupTypeCache (287ms)
			ReleaseScriptCaches (1ms)
			RebuildScriptCaches (34ms)
			SetupLoadedEditorAssemblies (349ms)
				LogAssemblyErrors (0ms)
				InitializePlatformSupportModulesInManaged (4ms)
				SetLoadedEditorAssemblies (0ms)
				RefreshPlugins (1ms)
				BeforeProcessingInitializeOnLoad (55ms)
				ProcessInitializeOnLoadAttributes (279ms)
				ProcessInitializeOnLoadMethodAttributes (4ms)
				AfterProcessingInitializeOnLoad (6ms)
				EditorAssembliesLoaded (0ms)
			ExecutionOrderSort2 (0ms)
			AwakeInstancesAfterBackupRestoration (12ms)
Platform modules already initialized, skipping
Refreshing native plugins compatible for Editor in 0.82 ms, found 3 plugins.
Preloading 0 native plugins for Editor in 0.00 ms.
Unloading 4197 Unused Serialized files (Serialized files now loaded: 0)
System memory in use before: 186.6 MB.
System memory in use after: 184.0 MB.

Unloading 50 unused Assets to reduce memory usage. Loaded Objects now: 4834.
Total: 4.537600 ms (FindLiveObjects: 0.309400 ms CreateObjectMapping: 0.240500 ms MarkObjects: 2.930100 ms  DeleteObjects: 1.056900 ms)

AssetImportParameters requested are different than current active one (requested -> active):
  custom:framework-win-MediaFoundation: 216162199b28c13a410421893ffa2e32 -> 
  custom:video-decoder-ogg-theora: a1e56fd34408186e4bbccfd4996cb3dc -> 
  custom:container-muxer-webm: aa71ff27fc2769a1b78a27578f13a17b -> 
  custom:container-demuxer-webm: 4f35f7cbe854078d1ac9338744f61a02 -> 
  custom:container-demuxer-ogg: 62fdf1f143b41e24485cea50d1cbac27 -> 
  custom:video-encoder-webm-vp8: eb34c28f22e8b96e1ab97ce403110664 -> 
  custom:video-decoder-webm-vp8: 9c59270c3fd7afecdb556c50c9e8de78 -> 
  custom:audio-decoder-ogg-vorbis: bf7c407c2cedff20999df2af8eb42d56 -> 
  custom:audio-encoder-webm-vorbis: bf7c407c2cedff20999df2af8eb42d56 -> 
========================================================================
Received Import Request.
  Time since last request: 22.595261 seconds.
  path: Assets/EnergyOutline/Longbow Aiming Pack/standing aim overdraw.fbx
  artifactKey: Guid(c899325a4fd2b2b47b62656286041e55) Importer(815301076,1909f56bfc062723c751e8b465ee728b)
Start importing Assets/EnergyOutline/Longbow Aiming Pack/standing aim overdraw.fbx using Guid(c899325a4fd2b2b47b62656286041e55) Importer(815301076,1909f56bfc062723c751e8b465ee728b)  -> (artifact id: '7f752d5823e1457c7912e1d09257bc4a') in 0.020825 seconds 
========================================================================
Received Prepare
Registering precompiled user dll's ...
Registered in 0.004803 seconds.
Begin MonoManager ReloadAssembly
Symbol file LoadedFromMemory doesn't match image C:\Users\DJ Swiggett\Documents\GitKraken\360R-Shaders\Lambert Shader\Library\PackageCache\com.unity.visualscripting@1.6.1\Editor\VisualScripting.Core\Dependencies\YamlDotNet\Unity.VisualScripting.YamlDotNet.dll
Symbol file LoadedFromMemory doesn't match image C:\Users\DJ Swiggett\Documents\GitKraken\360R-Shaders\Lambert Shader\Library\PackageCache\com.unity.visualscripting@1.6.1\Editor\VisualScripting.Core\Dependencies\DotNetZip\Unity.VisualScripting.IonicZip.dll
Native extension for WindowsStandalone target not found
Refreshing native plugins compatible for Editor in 0.70 ms, found 3 plugins.
Preloading 0 native plugins for Editor in 0.00 ms.
Mono: successfully reloaded assembly
- Completed reload, in  0.997 seconds
Domain Reload Profiling:
	ReloadAssembly (998ms)
		BeginReloadAssembly (119ms)
			ExecutionOrderSort (0ms)
			DisableScriptedObjects (4ms)
			BackupInstance (0ms)
			ReleaseScriptingObjects (0ms)
			CreateAndSetChildDomain (38ms)
		EndReloadAssembly (827ms)
			LoadAssemblies (80ms)
			RebuildTransferFunctionScriptingTraits (0ms)
			SetupTypeCache (287ms)
			ReleaseScriptCaches (1ms)
			RebuildScriptCaches (34ms)
			SetupLoadedEditorAssemblies (312ms)
				LogAssemblyErrors (0ms)
				InitializePlatformSupportModulesInManaged (4ms)
				SetLoadedEditorAssemblies (0ms)
				RefreshPlugins (1ms)
				BeforeProcessingInitializeOnLoad (55ms)
				ProcessInitializeOnLoadAttributes (242ms)
				ProcessInitializeOnLoadMethodAttributes (4ms)
				AfterProcessingInitializeOnLoad (7ms)
				EditorAssembliesLoaded (0ms)
			ExecutionOrderSort2 (0ms)
			AwakeInstancesAfterBackupRestoration (11ms)
Platform modules already initialized, skipping
Refreshing native plugins compatible for Editor in 0.67 ms, found 3 plugins.
Preloading 0 native plugins for Editor in 0.00 ms.
Unloading 4197 Unused Serialized files (Serialized files now loaded: 0)
System memory in use before: 186.6 MB.
System memory in use after: 184.0 MB.

Unloading 50 unused Assets to reduce memory usage. Loaded Objects now: 4837.
Total: 4.176000 ms (FindLiveObjects: 0.256000 ms CreateObjectMapping: 0.149500 ms MarkObjects: 2.710600 ms  DeleteObjects: 1.059100 ms)

AssetImportParameters requested are different than current active one (requested -> active):
  custom:framework-win-MediaFoundation: 216162199b28c13a410421893ffa2e32 -> 
  custom:video-decoder-ogg-theora: a1e56fd34408186e4bbccfd4996cb3dc -> 
  custom:container-muxer-webm: aa71ff27fc2769a1b78a27578f13a17b -> 
  custom:container-demuxer-webm: 4f35f7cbe854078d1ac9338744f61a02 -> 
  custom:container-demuxer-ogg: 62fdf1f143b41e24485cea50d1cbac27 -> 
  custom:video-encoder-webm-vp8: eb34c28f22e8b96e1ab97ce403110664 -> 
  custom:video-decoder-webm-vp8: 9c59270c3fd7afecdb556c50c9e8de78 -> 
  custom:audio-decoder-ogg-vorbis: bf7c407c2cedff20999df2af8eb42d56 -> 
  custom:audio-encoder-webm-vorbis: bf7c407c2cedff20999df2af8eb42d56 -> 
========================================================================
Received Import Request.
  Time since last request: 42.919959 seconds.
  path: Assets/EnergyOutline/Longbow Aiming Pack/mixamo.com.anim
  artifactKey: Guid(1b85c318450c96e4aa4602ecea3f8f2f) Importer(815301076,1909f56bfc062723c751e8b465ee728b)
Start importing Assets/EnergyOutline/Longbow Aiming Pack/mixamo.com.anim using Guid(1b85c318450c96e4aa4602ecea3f8f2f) Importer(815301076,1909f56bfc062723c751e8b465ee728b)  -> (artifact id: '9b61f31a128a6177c9d643212f8e8eb4') in 0.024495 seconds 
========================================================================
Received Import Request.
  Time since last request: 10.335067 seconds.
  path: Assets/EnergyOutline/Longbow Aiming Pack/OverDraw.anim
  artifactKey: Guid(1b85c318450c96e4aa4602ecea3f8f2f) Importer(815301076,1909f56bfc062723c751e8b465ee728b)
Start importing Assets/EnergyOutline/Longbow Aiming Pack/OverDraw.anim using Guid(1b85c318450c96e4aa4602ecea3f8f2f) Importer(815301076,1909f56bfc062723c751e8b465ee728b)  -> (artifact id: '3c6b309a5e4a3b0eea5d6b0272c4655c') in 0.011118 seconds 
========================================================================
Received Import Request.
  Time since last request: 5.644833 seconds.
  path: Assets/EnergyOutline/Longbow Aiming Pack/mixamo.com.anim
  artifactKey: Guid(dda43f0e59d7b78419a957a06c006a28) Importer(815301076,1909f56bfc062723c751e8b465ee728b)
Start importing Assets/EnergyOutline/Longbow Aiming Pack/mixamo.com.anim using Guid(dda43f0e59d7b78419a957a06c006a28) Importer(815301076,1909f56bfc062723c751e8b465ee728b)  -> (artifact id: 'db0875ab110d99b4b74efc433b9b6411') in 0.007913 seconds 
========================================================================
Received Import Request.
  Time since last request: 4.371238 seconds.
  path: Assets/EnergyOutline/Longbow Aiming Pack/Recoil.anim
  artifactKey: Guid(dda43f0e59d7b78419a957a06c006a28) Importer(815301076,1909f56bfc062723c751e8b465ee728b)
Start importing Assets/EnergyOutline/Longbow Aiming Pack/Recoil.anim using Guid(dda43f0e59d7b78419a957a06c006a28) Importer(815301076,1909f56bfc062723c751e8b465ee728b)  -> (artifact id: 'c0ee2dc23fc7adbdf728f9c807af8fc3') in 0.011187 seconds 
========================================================================
Received Import Request.
  Time since last request: 241.564841 seconds.
  path: Assets/EnergyOutline/Longbow Aiming Pack/ArcherController.controller
  artifactKey: Guid(bd2190290bcf1654280d363ac437d245) Importer(815301076,1909f56bfc062723c751e8b465ee728b)
Start importing Assets/EnergyOutline/Longbow Aiming Pack/ArcherController.controller using Guid(bd2190290bcf1654280d363ac437d245) Importer(815301076,1909f56bfc062723c751e8b465ee728b)  -> (artifact id: 'a92196bb5066d945eda38331f0aa0453') in 0.008690 seconds 
========================================================================
Received Prepare
Registering precompiled user dll's ...
Registered in 0.004964 seconds.
Begin MonoManager ReloadAssembly
Symbol file LoadedFromMemory doesn't match image C:\Users\DJ Swiggett\Documents\GitKraken\360R-Shaders\Lambert Shader\Library\PackageCache\com.unity.visualscripting@1.6.1\Editor\VisualScripting.Core\Dependencies\YamlDotNet\Unity.VisualScripting.YamlDotNet.dll
Symbol file LoadedFromMemory doesn't match image C:\Users\DJ Swiggett\Documents\GitKraken\360R-Shaders\Lambert Shader\Library\PackageCache\com.unity.visualscripting@1.6.1\Editor\VisualScripting.Core\Dependencies\DotNetZip\Unity.VisualScripting.IonicZip.dll
Native extension for WindowsStandalone target not found
Refreshing native plugins compatible for Editor in 0.81 ms, found 3 plugins.
Preloading 0 native plugins for Editor in 0.00 ms.
Mono: successfully reloaded assembly
- Completed reload, in  1.283 seconds
Domain Reload Profiling:
	ReloadAssembly (1283ms)
		BeginReloadAssembly (139ms)
			ExecutionOrderSort (0ms)
			DisableScriptedObjects (5ms)
			BackupInstance (0ms)
			ReleaseScriptingObjects (0ms)
			CreateAndSetChildDomain (41ms)
		EndReloadAssembly (1079ms)
			LoadAssemblies (110ms)
			RebuildTransferFunctionScriptingTraits (0ms)
			SetupTypeCache (393ms)
			ReleaseScriptCaches (2ms)
			RebuildScriptCaches (47ms)
			SetupLoadedEditorAssemblies (398ms)
				LogAssemblyErrors (0ms)
				InitializePlatformSupportModulesInManaged (5ms)
				SetLoadedEditorAssemblies (1ms)
				RefreshPlugins (1ms)
				BeforeProcessingInitializeOnLoad (77ms)
				ProcessInitializeOnLoadAttributes (303ms)
				ProcessInitializeOnLoadMethodAttributes (4ms)
				AfterProcessingInitializeOnLoad (8ms)
				EditorAssembliesLoaded (0ms)
			ExecutionOrderSort2 (0ms)
			AwakeInstancesAfterBackupRestoration (13ms)
Platform modules already initialized, skipping
Refreshing native plugins compatible for Editor in 0.84 ms, found 3 plugins.
Preloading 0 native plugins for Editor in 0.00 ms.
Unloading 4197 Unused Serialized files (Serialized files now loaded: 0)
System memory in use before: 186.8 MB.
System memory in use after: 184.0 MB.

Unloading 50 unused Assets to reduce memory usage. Loaded Objects now: 4840.
Total: 6.155700 ms (FindLiveObjects: 0.409100 ms CreateObjectMapping: 0.333400 ms MarkObjects: 3.768100 ms  DeleteObjects: 1.643700 ms)

AssetImportParameters requested are different than current active one (requested -> active):
  custom:framework-win-MediaFoundation: 216162199b28c13a410421893ffa2e32 -> 
  custom:video-decoder-ogg-theora: a1e56fd34408186e4bbccfd4996cb3dc -> 
  custom:container-muxer-webm: aa71ff27fc2769a1b78a27578f13a17b -> 
  custom:container-demuxer-webm: 4f35f7cbe854078d1ac9338744f61a02 -> 
  custom:container-demuxer-ogg: 62fdf1f143b41e24485cea50d1cbac27 -> 
  custom:video-encoder-webm-vp8: eb34c28f22e8b96e1ab97ce403110664 -> 
  custom:video-decoder-webm-vp8: 9c59270c3fd7afecdb556c50c9e8de78 -> 
  custom:audio-decoder-ogg-vorbis: bf7c407c2cedff20999df2af8eb42d56 -> 
  custom:audio-encoder-webm-vorbis: bf7c407c2cedff20999df2af8eb42d56 -> 
========================================================================
Received Prepare
Registering precompiled user dll's ...
Registered in 0.004914 seconds.
Begin MonoManager ReloadAssembly
Symbol file LoadedFromMemory doesn't match image C:\Users\DJ Swiggett\Documents\GitKraken\360R-Shaders\Lambert Shader\Library\PackageCache\com.unity.visualscripting@1.6.1\Editor\VisualScripting.Core\Dependencies\YamlDotNet\Unity.VisualScripting.YamlDotNet.dll
Symbol file LoadedFromMemory doesn't match image C:\Users\DJ Swiggett\Documents\GitKraken\360R-Shaders\Lambert Shader\Library\PackageCache\com.unity.visualscripting@1.6.1\Editor\VisualScripting.Core\Dependencies\DotNetZip\Unity.VisualScripting.IonicZip.dll
Native extension for WindowsStandalone target not found
Refreshing native plugins compatible for Editor in 0.87 ms, found 3 plugins.
Preloading 0 native plugins for Editor in 0.00 ms.
Mono: successfully reloaded assembly
- Completed reload, in  0.987 seconds
Domain Reload Profiling:
	ReloadAssembly (987ms)
		BeginReloadAssembly (107ms)
			ExecutionOrderSort (0ms)
			DisableScriptedObjects (4ms)
			BackupInstance (0ms)
			ReleaseScriptingObjects (0ms)
			CreateAndSetChildDomain (29ms)
		EndReloadAssembly (832ms)
			LoadAssemblies (81ms)
			RebuildTransferFunctionScriptingTraits (0ms)
			SetupTypeCache (288ms)
			ReleaseScriptCaches (1ms)
			RebuildScriptCaches (34ms)
			SetupLoadedEditorAssemblies (325ms)
				LogAssemblyErrors (0ms)
				InitializePlatformSupportModulesInManaged (4ms)
				SetLoadedEditorAssemblies (0ms)
				RefreshPlugins (1ms)
				BeforeProcessingInitializeOnLoad (60ms)
				ProcessInitializeOnLoadAttributes (247ms)
				ProcessInitializeOnLoadMethodAttributes (4ms)
				AfterProcessingInitializeOnLoad (8ms)
				EditorAssembliesLoaded (0ms)
			ExecutionOrderSort2 (0ms)
			AwakeInstancesAfterBackupRestoration (13ms)
Platform modules already initialized, skipping
Refreshing native plugins compatible for Editor in 0.70 ms, found 3 plugins.
Preloading 0 native plugins for Editor in 0.00 ms.
Unloading 4197 Unused Serialized files (Serialized files now loaded: 0)
System memory in use before: 186.8 MB.
System memory in use after: 184.0 MB.

Unloading 50 unused Assets to reduce memory usage. Loaded Objects now: 4843.
Total: 4.135200 ms (FindLiveObjects: 0.259500 ms CreateObjectMapping: 0.154100 ms MarkObjects: 2.632100 ms  DeleteObjects: 1.088900 ms)

AssetImportParameters requested are different than current active one (requested -> active):
  custom:framework-win-MediaFoundation: 216162199b28c13a410421893ffa2e32 -> 
  custom:video-decoder-ogg-theora: a1e56fd34408186e4bbccfd4996cb3dc -> 
  custom:container-muxer-webm: aa71ff27fc2769a1b78a27578f13a17b -> 
  custom:container-demuxer-webm: 4f35f7cbe854078d1ac9338744f61a02 -> 
  custom:container-demuxer-ogg: 62fdf1f143b41e24485cea50d1cbac27 -> 
  custom:video-encoder-webm-vp8: eb34c28f22e8b96e1ab97ce403110664 -> 
  custom:video-decoder-webm-vp8: 9c59270c3fd7afecdb556c50c9e8de78 -> 
  custom:audio-decoder-ogg-vorbis: bf7c407c2cedff20999df2af8eb42d56 -> 
  custom:audio-encoder-webm-vorbis: bf7c407c2cedff20999df2af8eb42d56 -> 
========================================================================
Received Import Request.
  Time since last request: 460.744992 seconds.
  path: Assets/EnergyOutline/Longbow Aiming Pack/mixamo.com.anim
  artifactKey: Guid(71869214befe0f64eac42b100852b867) Importer(815301076,1909f56bfc062723c751e8b465ee728b)
Start importing Assets/EnergyOutline/Longbow Aiming Pack/mixamo.com.anim using Guid(71869214befe0f64eac42b100852b867) Importer(815301076,1909f56bfc062723c751e8b465ee728b)  -> (artifact id: '5a82c2fce873bea1ad9a233fbf70d632') in 0.014828 seconds 
========================================================================
Received Import Request.
  Time since last request: 1.798025 seconds.
  path: Assets/EnergyOutline/Longbow Aiming Pack/Draw.anim
  artifactKey: Guid(71869214befe0f64eac42b100852b867) Importer(815301076,1909f56bfc062723c751e8b465ee728b)
Start importing Assets/EnergyOutline/Longbow Aiming Pack/Draw.anim using Guid(71869214befe0f64eac42b100852b867) Importer(815301076,1909f56bfc062723c751e8b465ee728b)  -> (artifact id: '3d0f83e4ce36e64942cd2270d172e40f') in 0.012035 seconds 
========================================================================
Received Import Request.
  Time since last request: 14.518681 seconds.
  path: Assets/EnergyOutline/Longbow Aiming Pack/ArcherController.controller
  artifactKey: Guid(bd2190290bcf1654280d363ac437d245) Importer(815301076,1909f56bfc062723c751e8b465ee728b)
Start importing Assets/EnergyOutline/Longbow Aiming Pack/ArcherController.controller using Guid(bd2190290bcf1654280d363ac437d245) Importer(815301076,1909f56bfc062723c751e8b465ee728b)  -> (artifact id: 'cd232ed823bc04cbb73afb8bda581b2e') in 0.017791 seconds 
========================================================================
Received Prepare
Registering precompiled user dll's ...
Registered in 0.005280 seconds.
Begin MonoManager ReloadAssembly
Symbol file LoadedFromMemory doesn't match image C:\Users\DJ Swiggett\Documents\GitKraken\360R-Shaders\Lambert Shader\Library\PackageCache\com.unity.visualscripting@1.6.1\Editor\VisualScripting.Core\Dependencies\YamlDotNet\Unity.VisualScripting.YamlDotNet.dll
Symbol file LoadedFromMemory doesn't match image C:\Users\DJ Swiggett\Documents\GitKraken\360R-Shaders\Lambert Shader\Library\PackageCache\com.unity.visualscripting@1.6.1\Editor\VisualScripting.Core\Dependencies\DotNetZip\Unity.VisualScripting.IonicZip.dll
Native extension for WindowsStandalone target not found
Refreshing native plugins compatible for Editor in 0.67 ms, found 3 plugins.
Preloading 0 native plugins for Editor in 0.00 ms.
Mono: successfully reloaded assembly
- Completed reload, in  0.974 seconds
Domain Reload Profiling:
	ReloadAssembly (974ms)
		BeginReloadAssembly (99ms)
			ExecutionOrderSort (0ms)
			DisableScriptedObjects (4ms)
			BackupInstance (0ms)
			ReleaseScriptingObjects (0ms)
			CreateAndSetChildDomain (30ms)
		EndReloadAssembly (825ms)
			LoadAssemblies (80ms)
			RebuildTransferFunctionScriptingTraits (0ms)
			SetupTypeCache (286ms)
			ReleaseScriptCaches (1ms)
			RebuildScriptCaches (35ms)
			SetupLoadedEditorAssemblies (318ms)
				LogAssemblyErrors (0ms)
				InitializePlatformSupportModulesInManaged (3ms)
				SetLoadedEditorAssemblies (0ms)
				RefreshPlugins (1ms)
				BeforeProcessingInitializeOnLoad (53ms)
				ProcessInitializeOnLoadAttributes (250ms)
				ProcessInitializeOnLoadMethodAttributes (4ms)
				AfterProcessingInitializeOnLoad (7ms)
				EditorAssembliesLoaded (0ms)
			ExecutionOrderSort2 (0ms)
			AwakeInstancesAfterBackupRestoration (11ms)
Platform modules already initialized, skipping
Refreshing native plugins compatible for Editor in 0.68 ms, found 3 plugins.
Preloading 0 native plugins for Editor in 0.00 ms.
Unloading 4197 Unused Serialized files (Serialized files now loaded: 0)
System memory in use before: 186.7 MB.
System memory in use after: 184.0 MB.

Unloading 50 unused Assets to reduce memory usage. Loaded Objects now: 4846.
Total: 4.131500 ms (FindLiveObjects: 0.265300 ms CreateObjectMapping: 0.164400 ms MarkObjects: 2.625400 ms  DeleteObjects: 1.075800 ms)

AssetImportParameters requested are different than current active one (requested -> active):
  custom:framework-win-MediaFoundation: 216162199b28c13a410421893ffa2e32 -> 
  custom:video-decoder-ogg-theora: a1e56fd34408186e4bbccfd4996cb3dc -> 
  custom:container-muxer-webm: aa71ff27fc2769a1b78a27578f13a17b -> 
  custom:container-demuxer-webm: 4f35f7cbe854078d1ac9338744f61a02 -> 
  custom:container-demuxer-ogg: 62fdf1f143b41e24485cea50d1cbac27 -> 
  custom:video-encoder-webm-vp8: eb34c28f22e8b96e1ab97ce403110664 -> 
  custom:video-decoder-webm-vp8: 9c59270c3fd7afecdb556c50c9e8de78 -> 
  custom:audio-decoder-ogg-vorbis: bf7c407c2cedff20999df2af8eb42d56 -> 
  custom:audio-encoder-webm-vorbis: bf7c407c2cedff20999df2af8eb42d56 -> 
========================================================================
Received Prepare
Registering precompiled user dll's ...
Registered in 0.005145 seconds.
Begin MonoManager ReloadAssembly
Symbol file LoadedFromMemory doesn't match image C:\Users\DJ Swiggett\Documents\GitKraken\360R-Shaders\Lambert Shader\Library\PackageCache\com.unity.visualscripting@1.6.1\Editor\VisualScripting.Core\Dependencies\YamlDotNet\Unity.VisualScripting.YamlDotNet.dll
Symbol file LoadedFromMemory doesn't match image C:\Users\DJ Swiggett\Documents\GitKraken\360R-Shaders\Lambert Shader\Library\PackageCache\com.unity.visualscripting@1.6.1\Editor\VisualScripting.Core\Dependencies\DotNetZip\Unity.VisualScripting.IonicZip.dll
Native extension for WindowsStandalone target not found
Refreshing native plugins compatible for Editor in 0.68 ms, found 3 plugins.
Preloading 0 native plugins for Editor in 0.00 ms.
Mono: successfully reloaded assembly
- Completed reload, in  1.001 seconds
Domain Reload Profiling:
	ReloadAssembly (1002ms)
		BeginReloadAssembly (104ms)
			ExecutionOrderSort (0ms)
			DisableScriptedObjects (5ms)
			BackupInstance (0ms)
			ReleaseScriptingObjects (0ms)
			CreateAndSetChildDomain (30ms)
		EndReloadAssembly (848ms)
			LoadAssemblies (82ms)
			RebuildTransferFunctionScriptingTraits (0ms)
			SetupTypeCache (303ms)
			ReleaseScriptCaches (1ms)
			RebuildScriptCaches (37ms)
			SetupLoadedEditorAssemblies (318ms)
				LogAssemblyErrors (0ms)
				InitializePlatformSupportModulesInManaged (4ms)
				SetLoadedEditorAssemblies (0ms)
				RefreshPlugins (1ms)
				BeforeProcessingInitializeOnLoad (54ms)
				ProcessInitializeOnLoadAttributes (249ms)
				ProcessInitializeOnLoadMethodAttributes (4ms)
				AfterProcessingInitializeOnLoad (6ms)
				EditorAssembliesLoaded (0ms)
			ExecutionOrderSort2 (0ms)
			AwakeInstancesAfterBackupRestoration (12ms)
Platform modules already initialized, skipping
Refreshing native plugins compatible for Editor in 0.68 ms, found 3 plugins.
Preloading 0 native plugins for Editor in 0.00 ms.
Unloading 4197 Unused Serialized files (Serialized files now loaded: 0)
System memory in use before: 186.8 MB.
System memory in use after: 184.0 MB.

Unloading 50 unused Assets to reduce memory usage. Loaded Objects now: 4849.
Total: 4.140200 ms (FindLiveObjects: 0.265500 ms CreateObjectMapping: 0.157100 ms MarkObjects: 2.631900 ms  DeleteObjects: 1.085200 ms)

AssetImportParameters requested are different than current active one (requested -> active):
  custom:framework-win-MediaFoundation: 216162199b28c13a410421893ffa2e32 -> 
  custom:video-decoder-ogg-theora: a1e56fd34408186e4bbccfd4996cb3dc -> 
  custom:container-muxer-webm: aa71ff27fc2769a1b78a27578f13a17b -> 
  custom:container-demuxer-webm: 4f35f7cbe854078d1ac9338744f61a02 -> 
  custom:container-demuxer-ogg: 62fdf1f143b41e24485cea50d1cbac27 -> 
  custom:video-encoder-webm-vp8: eb34c28f22e8b96e1ab97ce403110664 -> 
  custom:video-decoder-webm-vp8: 9c59270c3fd7afecdb556c50c9e8de78 -> 
  custom:audio-decoder-ogg-vorbis: bf7c407c2cedff20999df2af8eb42d56 -> 
  custom:audio-encoder-webm-vorbis: bf7c407c2cedff20999df2af8eb42d56 -> 
========================================================================
Received Prepare
Registering precompiled user dll's ...
Registered in 0.004751 seconds.
Begin MonoManager ReloadAssembly
Symbol file LoadedFromMemory doesn't match image C:\Users\DJ Swiggett\Documents\GitKraken\360R-Shaders\Lambert Shader\Library\PackageCache\com.unity.visualscripting@1.6.1\Editor\VisualScripting.Core\Dependencies\YamlDotNet\Unity.VisualScripting.YamlDotNet.dll
Symbol file LoadedFromMemory doesn't match image C:\Users\DJ Swiggett\Documents\GitKraken\360R-Shaders\Lambert Shader\Library\PackageCache\com.unity.visualscripting@1.6.1\Editor\VisualScripting.Core\Dependencies\DotNetZip\Unity.VisualScripting.IonicZip.dll
Native extension for WindowsStandalone target not found
Refreshing native plugins compatible for Editor in 0.67 ms, found 3 plugins.
Preloading 0 native plugins for Editor in 0.00 ms.
Mono: successfully reloaded assembly
- Completed reload, in  1.003 seconds
Domain Reload Profiling:
	ReloadAssembly (1004ms)
		BeginReloadAssembly (104ms)
			ExecutionOrderSort (0ms)
			DisableScriptedObjects (4ms)
			BackupInstance (0ms)
			ReleaseScriptingObjects (0ms)
			CreateAndSetChildDomain (31ms)
		EndReloadAssembly (849ms)
			LoadAssemblies (82ms)
			RebuildTransferFunctionScriptingTraits (0ms)
			SetupTypeCache (297ms)
			ReleaseScriptCaches (1ms)
			RebuildScriptCaches (41ms)
			SetupLoadedEditorAssemblies (326ms)
				LogAssemblyErrors (0ms)
				InitializePlatformSupportModulesInManaged (4ms)
				SetLoadedEditorAssemblies (0ms)
				RefreshPlugins (1ms)
				BeforeProcessingInitializeOnLoad (57ms)
				ProcessInitializeOnLoadAttributes (254ms)
				ProcessInitializeOnLoadMethodAttributes (4ms)
				AfterProcessingInitializeOnLoad (6ms)
				EditorAssembliesLoaded (0ms)
			ExecutionOrderSort2 (0ms)
			AwakeInstancesAfterBackupRestoration (12ms)
Platform modules already initialized, skipping
Refreshing native plugins compatible for Editor in 0.67 ms, found 3 plugins.
Preloading 0 native plugins for Editor in 0.00 ms.
Unloading 4197 Unused Serialized files (Serialized files now loaded: 0)
System memory in use before: 186.8 MB.
System memory in use after: 184.0 MB.

Unloading 50 unused Assets to reduce memory usage. Loaded Objects now: 4852.
Total: 4.411800 ms (FindLiveObjects: 0.278300 ms CreateObjectMapping: 0.166700 ms MarkObjects: 2.607100 ms  DeleteObjects: 1.358600 ms)

AssetImportParameters requested are different than current active one (requested -> active):
  custom:framework-win-MediaFoundation: 216162199b28c13a410421893ffa2e32 -> 
  custom:video-decoder-ogg-theora: a1e56fd34408186e4bbccfd4996cb3dc -> 
  custom:container-muxer-webm: aa71ff27fc2769a1b78a27578f13a17b -> 
  custom:container-demuxer-webm: 4f35f7cbe854078d1ac9338744f61a02 -> 
  custom:container-demuxer-ogg: 62fdf1f143b41e24485cea50d1cbac27 -> 
  custom:video-encoder-webm-vp8: eb34c28f22e8b96e1ab97ce403110664 -> 
  custom:video-decoder-webm-vp8: 9c59270c3fd7afecdb556c50c9e8de78 -> 
  custom:audio-decoder-ogg-vorbis: bf7c407c2cedff20999df2af8eb42d56 -> 
  custom:audio-encoder-webm-vorbis: bf7c407c2cedff20999df2af8eb42d56 -> 
========================================================================
Received Prepare
Registering precompiled user dll's ...
Registered in 0.006167 seconds.
Begin MonoManager ReloadAssembly
Symbol file LoadedFromMemory doesn't match image C:\Users\DJ Swiggett\Documents\GitKraken\360R-Shaders\Lambert Shader\Library\PackageCache\com.unity.visualscripting@1.6.1\Editor\VisualScripting.Core\Dependencies\YamlDotNet\Unity.VisualScripting.YamlDotNet.dll
Symbol file LoadedFromMemory doesn't match image C:\Users\DJ Swiggett\Documents\GitKraken\360R-Shaders\Lambert Shader\Library\PackageCache\com.unity.visualscripting@1.6.1\Editor\VisualScripting.Core\Dependencies\DotNetZip\Unity.VisualScripting.IonicZip.dll
Native extension for WindowsStandalone target not found
Refreshing native plugins compatible for Editor in 0.75 ms, found 3 plugins.
Preloading 0 native plugins for Editor in 0.00 ms.
Mono: successfully reloaded assembly
- Completed reload, in  0.985 seconds
Domain Reload Profiling:
	ReloadAssembly (985ms)
		BeginReloadAssembly (106ms)
			ExecutionOrderSort (0ms)
			DisableScriptedObjects (4ms)
			BackupInstance (0ms)
			ReleaseScriptingObjects (0ms)
			CreateAndSetChildDomain (30ms)
		EndReloadAssembly (826ms)
			LoadAssemblies (79ms)
			RebuildTransferFunctionScriptingTraits (0ms)
			SetupTypeCache (285ms)
			ReleaseScriptCaches (1ms)
			RebuildScriptCaches (36ms)
			SetupLoadedEditorAssemblies (317ms)
				LogAssemblyErrors (0ms)
				InitializePlatformSupportModulesInManaged (4ms)
				SetLoadedEditorAssemblies (0ms)
				RefreshPlugins (1ms)
				BeforeProcessingInitializeOnLoad (57ms)
				ProcessInitializeOnLoadAttributes (244ms)
				ProcessInitializeOnLoadMethodAttributes (5ms)
				AfterProcessingInitializeOnLoad (6ms)
				EditorAssembliesLoaded (0ms)
			ExecutionOrderSort2 (0ms)
			AwakeInstancesAfterBackupRestoration (13ms)
Platform modules already initialized, skipping
Refreshing native plugins compatible for Editor in 0.74 ms, found 3 plugins.
Preloading 0 native plugins for Editor in 0.00 ms.
Unloading 4197 Unused Serialized files (Serialized files now loaded: 0)
System memory in use before: 186.8 MB.
System memory in use after: 184.0 MB.

Unloading 50 unused Assets to reduce memory usage. Loaded Objects now: 4855.
Total: 4.761500 ms (FindLiveObjects: 0.298600 ms CreateObjectMapping: 0.136800 ms MarkObjects: 3.209600 ms  DeleteObjects: 1.115400 ms)

AssetImportParameters requested are different than current active one (requested -> active):
  custom:framework-win-MediaFoundation: 216162199b28c13a410421893ffa2e32 -> 
  custom:video-decoder-ogg-theora: a1e56fd34408186e4bbccfd4996cb3dc -> 
  custom:container-muxer-webm: aa71ff27fc2769a1b78a27578f13a17b -> 
  custom:container-demuxer-webm: 4f35f7cbe854078d1ac9338744f61a02 -> 
  custom:container-demuxer-ogg: 62fdf1f143b41e24485cea50d1cbac27 -> 
  custom:video-encoder-webm-vp8: eb34c28f22e8b96e1ab97ce403110664 -> 
  custom:video-decoder-webm-vp8: 9c59270c3fd7afecdb556c50c9e8de78 -> 
  custom:audio-decoder-ogg-vorbis: bf7c407c2cedff20999df2af8eb42d56 -> 
  custom:audio-encoder-webm-vorbis: bf7c407c2cedff20999df2af8eb42d56 -> 
AssetImportWorkerClient::OnTransportError - code=2 error=End of file
